TN:
SF:calculHelper.js
FN:4,calculAir
FN:8,calculAirCarre
FN:12,multiplication
FN:16,afficherMessageCalculAir
FN:26,afficherMessageCalculAirCarre
FNF:5
FNH:5
FNDA:9,calculAir
FNDA:4,calculAirCarre
FNDA:9,multiplication
FNDA:5,afficherMessageCalculAir
FNDA:4,afficherMessageCalculAirCarre
DA:1,1
DA:2,1
DA:3,1
DA:4,9
DA:5,9
DA:6,9
DA:7,1
DA:8,4
DA:9,4
DA:10,4
DA:11,1
DA:12,9
DA:13,9
DA:14,9
DA:15,1
DA:16,5
DA:17,5
DA:18,5
DA:19,5
DA:20,4
DA:21,4
DA:22,5
DA:23,5
DA:24,5
DA:25,1
DA:26,4
DA:27,4
DA:28,4
DA:29,4
DA:30,3
DA:31,3
DA:32,4
DA:33,4
DA:34,4
DA:35,4
DA:36,1
DA:37,1
DA:38,1
DA:39,1
DA:40,1
DA:41,1
DA:42,1
DA:43,1
LF:43
LH:43
BRDA:4,0,0,9
BRDA:8,1,0,4
BRDA:12,2,0,9
BRDA:16,3,0,5
BRDA:19,4,0,2
BRDA:19,5,0,1
BRDA:19,6,0,4
BRDA:26,7,0,4
BRDA:29,8,0,2
BRDA:29,9,0,3
BRF:10
BRH:10
end_of_record
TN:
SF:multiplication.js
FN:1,multiplication
FNF:1
FNH:1
FNDA:1,multiplication
DA:1,1
DA:2,1
DA:3,1
DA:4,1
DA:5,1
LF:5
LH:5
BRDA:1,0,0,1
BRF:1
BRH:1
end_of_record
