TN:
SF:calculHelper.js
FN:3,calculAir
FN:7,calculAirCarre
FN:11,multiplication
FN:15,afficherMessageCalculAir
FNF:4
FNH:3
FNDA:5,calculAir
FNDA:0,calculAirCarre
FNDA:5,multiplication
FNDA:5,afficherMessageCalculAir
DA:1,1
DA:2,1
DA:3,5
DA:4,5
DA:5,5
DA:6,1
DA:7,0
DA:8,0
DA:9,0
DA:10,1
DA:11,5
DA:12,5
DA:13,5
DA:14,1
DA:15,5
DA:16,5
DA:17,5
DA:18,5
DA:19,4
DA:20,4
DA:21,5
DA:22,5
DA:23,1
DA:24,1
DA:25,1
DA:26,1
DA:27,1
DA:28,1
DA:29,1
LF:29
LH:26
BRDA:3,0,0,5
BRDA:11,1,0,5
BRDA:15,2,0,5
BRDA:18,3,0,2
BRDA:18,4,0,1
BRDA:18,5,0,4
BRF:6
BRH:6
end_of_record
TN:
SF:multiplication.js
FN:1,multiplication
FNF:1
FNH:1
FNDA:1,multiplication
DA:1,1
DA:2,1
DA:3,1
DA:4,1
DA:5,1
LF:5
LH:5
BRDA:1,0,0,1
BRF:1
BRH:1
end_of_record
